<?xml version="1.0" encoding="UTF-8"?>
<!-- Generated by org.testng.reporters.JUnitReportReporter -->
<testsuite hostname="DESKTOP-5B5IS47" failures="0" tests="4" name="SecondTestCase" time="0.021" errors="0" timestamp="2023-10-11T15:32:00 PKT" skipped="0">
  <testcase classname="SecondTestCase" name="setup" time="0.005"/>
  <testcase classname="SecondTestCase" name="addCustomer" time="0.005"/>
  <testcase classname="SecondTestCase" name="searchCustomer" time="0.006"/>
  <testcase classname="SecondTestCase" name="teardown" time="0.005"/>
</testsuite> <!-- SecondTestCase -->
