<?xml version="1.0" encoding="UTF-8"?>
<!-- Generated by org.testng.reporters.JUnitReportReporter -->
<testsuite hostname="DESKTOP-5B5IS47" failures="0" tests="3" name="FirstTestCase" time="0.014" errors="0" timestamp="2023-10-11T12:52:49 PKT" skipped="0">
  <testcase classname="FirstTestCase" name="setup" time="0.011"/>
  <testcase classname="FirstTestCase" name="login" time="0.001"/>
  <testcase classname="FirstTestCase" name="teardown" time="0.002"/>
</testsuite> <!-- FirstTestCase -->
