<?xml version="1.0" encoding="UTF-8"?>
<!-- Generated by org.testng.reporters.JUnitReportReporter -->
<testsuite hostname="DESKTOP-5B5IS47" failures="0" tests="3" name="FirstTestCase" time="0.018" errors="0" timestamp="2023-10-11T15:32:00 PKT" skipped="0">
  <testcase classname="FirstTestCase" name="setup" time="0.008"/>
  <testcase classname="FirstTestCase" name="login" time="0.006"/>
  <testcase classname="FirstTestCase" name="teardown" time="0.004"/>
</testsuite> <!-- FirstTestCase -->
